
Showing logs for build [32mcb-kubecd-bdd-spring-1568367642-nxhml-1[0m stage [32mmeta-pipeline[0m and container [32mstep-credential-initializer-vm9b2[0m
{"level":"warn","ts":1568368084.9620247,"logger":"fallback-logger","caller":"logging/config.go:69","msg":"Fetch GitHub commit ID from kodata failed: \"ref: refs/heads/master\" is not a valid GitHub commit ID"}
{"level":"info","ts":1568368084.9625278,"logger":"fallback-logger","caller":"creds-init/main.go:40","msg":"Credentials initialized."}

Showing logs for build [32mcb-kubecd-bdd-spring-1568367642-nxhml-1[0m stage [32mmeta-pipeline[0m and container [32mstep-working-dir-initializer-lpk5w[0m
{"level":"warn","ts":1568368086.327848,"logger":"fallback-logger","caller":"logging/config.go:69","msg":"Fetch GitHub commit ID from kodata failed: open /var/run/ko/HEAD: no such file or directory"}
{"level":"info","ts":1568368086.3291776,"logger":"fallback-logger","caller":"bash/main.go:65","msg":"Successfully executed command \"mkdir -p /workspace/source\""}

Showing logs for build [32mcb-kubecd-bdd-spring-1568367642-nxhml-1[0m stage [32mmeta-pipeline[0m and container [32mstep-place-tools[0m

Showing logs for build [32mcb-kubecd-bdd-spring-1568367642-nxhml-1[0m stage [32mmeta-pipeline[0m and container [32mstep-git-source-meta-cb-kubecd-bdd-spring-15683-hnpgq[0m
{"level":"warn","ts":1568368092.4239821,"logger":"fallback-logger","caller":"logging/config.go:69","msg":"Fetch GitHub commit ID from kodata failed: \"ref: refs/heads/master\" is not a valid GitHub commit ID"}
{"level":"info","ts":1568368093.6139863,"logger":"fallback-logger","caller":"git/git.go:102","msg":"Successfully cloned https://github.com/cb-kubecd/bdd-spring-1568367642.git @ 39add204b0152056e235b8c645a7a7dbd5d9dc65 in path /workspace/source"}

Showing logs for build [32mcb-kubecd-bdd-spring-1568367642-nxhml-1[0m stage [32mmeta-pipeline[0m and container [32mstep-git-merge[0m
Using SHAs from PULL_REFS=master:39add204b0152056e235b8c645a7a7dbd5d9dc65,1:51b4700d52d32714e0cab524f53b63aba6270267
DEBUG: ran git fetch --unshallow origin 51b4700d52d32714e0cab524f53b63aba6270267: 39add204b0152056e235b8c645a7a7dbd5d9dc65: in 
DEBUG: ran git checkout master in 
DEBUG: ran git reset --hard 39add204b0152056e235b8c645a7a7dbd5d9dc65 in 
DEBUG: ran clean --force -d . in 
DEBUG: ran git merge 51b4700d52d32714e0cab524f53b63aba6270267 in 
Merged SHA 51b4700d52d32714e0cab524f53b63aba6270267 with commit message 'My first PR commit' into base branch master

Showing logs for build [32mcb-kubecd-bdd-spring-1568367642-nxhml-1[0m stage [32mmeta-pipeline[0m and container [32mstep-merge-pull-refs[0m
DEBUG: ran git fetch origin 51b4700d52d32714e0cab524f53b63aba6270267: 39add204b0152056e235b8c645a7a7dbd5d9dc65: in 
DEBUG: Unshallowed git repo in 
DEBUG: ran git checkout master in 
DEBUG: ran git reset --hard 39add204b0152056e235b8c645a7a7dbd5d9dc65 in 
DEBUG: ran clean --force -d . in 
DEBUG: ran git merge 51b4700d52d32714e0cab524f53b63aba6270267 in 
Merged SHA 51b4700d52d32714e0cab524f53b63aba6270267 with commit message 'My first PR commit' into base branch master

Showing logs for build [32mcb-kubecd-bdd-spring-1568367642-nxhml-1[0m stage [32mmeta-pipeline[0m and container [32mstep-create-effective-pipeline[0m
Deleting and cloning the Jenkins X versions repo
Cloning the Jenkins X versions repo https://github.com/jenkins-x/jenkins-x-versions.git with ref refs/heads/master to /builder/home/.**/jenkins-x-versions
Effective pipeline written to jenkins-x-serverless-jenkins-effective.yml

Showing logs for build [32mcb-kubecd-bdd-spring-1568367642-nxhml-1[0m stage [32mmeta-pipeline[0m and container [32mstep-create-tekton-crds[0m
PipelineActivity for cb-kubecd-bdd-spring-1568367642-PR-1-1
Applying changes 
upserted PipelineResource cb-kubecd-bdd-spring-1568367642 for the git repository https://github.com/cb-kubecd/bdd-spring-1568367642.git
upserted Task cb-kubecd-bdd-spring-1568367642-nxhml-from-build-pack-1
upserted Pipeline cb-kubecd-bdd-spring-1568367642-nxhml-1
created PipelineRun cb-kubecd-bdd-spring-1568367642-nxhml-1
created PipelineStructure cb-kubecd-bdd-spring-1568367642-nxhml-1

Showing logs for build [32mcb-kubecd-bdd-spring-1568367642-nxhml-1[0m stage [32mfrom-build-pack[0m and container [32mstep-credential-initializer-nr7cq[0m
{"level":"warn","ts":1568368106.9736505,"logger":"fallback-logger","caller":"logging/config.go:69","msg":"Fetch GitHub commit ID from kodata failed: \"ref: refs/heads/master\" is not a valid GitHub commit ID"}
{"level":"info","ts":1568368106.974253,"logger":"fallback-logger","caller":"creds-init/main.go:40","msg":"Credentials initialized."}

Showing logs for build [32mcb-kubecd-bdd-spring-1568367642-nxhml-1[0m stage [32mfrom-build-pack[0m and container [32mstep-working-dir-initializer-gwxwl[0m
{"level":"warn","ts":1568368108.000702,"logger":"fallback-logger","caller":"logging/config.go:69","msg":"Fetch GitHub commit ID from kodata failed: open /var/run/ko/HEAD: no such file or directory"}
{"level":"info","ts":1568368108.0019515,"logger":"fallback-logger","caller":"bash/main.go:65","msg":"Successfully executed command \"mkdir -p /workspace/source /workspace/source/charts/preview\""}

Showing logs for build [32mcb-kubecd-bdd-spring-1568367642-nxhml-1[0m stage [32mfrom-build-pack[0m and container [32mstep-place-tools[0m

Showing logs for build [32mcb-kubecd-bdd-spring-1568367642-nxhml-1[0m stage [32mfrom-build-pack[0m and container [32mstep-git-source-cb-kubecd-bdd-spring-1568367642-d7gd9[0m
{"level":"warn","ts":1568368115.0110228,"logger":"fallback-logger","caller":"logging/config.go:69","msg":"Fetch GitHub commit ID from kodata failed: \"ref: refs/heads/master\" is not a valid GitHub commit ID"}
{"level":"info","ts":1568368116.209439,"logger":"fallback-logger","caller":"git/git.go:102","msg":"Successfully cloned https://github.com/cb-kubecd/bdd-spring-1568367642.git @ master in path /workspace/source"}

Showing logs for build [32mcb-kubecd-bdd-spring-1568367642-nxhml-1[0m stage [32mfrom-build-pack[0m and container [32mstep-git-merge[0m
Using SHAs from PULL_REFS=master:39add204b0152056e235b8c645a7a7dbd5d9dc65,1:51b4700d52d32714e0cab524f53b63aba6270267
DEBUG: ran git fetch --unshallow origin 51b4700d52d32714e0cab524f53b63aba6270267: 39add204b0152056e235b8c645a7a7dbd5d9dc65: in 
DEBUG: ran git checkout master in 
DEBUG: ran git reset --hard 39add204b0152056e235b8c645a7a7dbd5d9dc65 in 
DEBUG: ran clean --force -d . in 
DEBUG: ran git merge 51b4700d52d32714e0cab524f53b63aba6270267 in 
Merged SHA 51b4700d52d32714e0cab524f53b63aba6270267 with commit message 'My first PR commit' into base branch master

Showing logs for build [32mcb-kubecd-bdd-spring-1568367642-nxhml-1[0m stage [32mfrom-build-pack[0m and container [32mstep-build-set-version[0m
Picked up _JAVA_OPTIONS: -XX:+UnlockExperimentalVMOptions -XX:+UseCGroupMemoryLimitForHeap -Dsun.zip.disableMemoryMapping=true -XX:+UseParallelGC -XX:MinHeapFreeRatio=5 -XX:MaxHeapFreeRatio=10 -XX:GCTimeRatio=4 -XX:AdaptiveSizePolicyWeight=90 -Xms10m -Xmx192m
OpenJDK 64-Bit Server VM warning: If the number of processors is expected to increase from one, then you should configure the number of parallel GC threads appropriately using -XX:ParallelGCThreads=N
[INFO] Scanning for projects...
[INFO] 
[INFO] -----------------< com.example:bdd-spring-1568367642 >------------------
[INFO] Building demo 0.0.1-SNAPSHOT
[INFO] --------------------------------[ jar ]---------------------------------
[INFO] 
[INFO] --- versions-maven-plugin:2.7:set (default-cli) @ bdd-spring-1568367642 ---
[INFO] Searching for local aggregator root...
[INFO] Local aggregation root: /workspace/source
[INFO] Processing change of com.example:bdd-spring-1568367642:0.0.1-SNAPSHOT -> 0.0.0-SNAPSHOT-PR-1-1
[INFO] Processing com.example:bdd-spring-1568367642
[INFO]     Updating project com.example:bdd-spring-1568367642
[INFO]         from version 0.0.1-SNAPSHOT to 0.0.0-SNAPSHOT-PR-1-1
[INFO] 
[INFO] ------------------------------------------------------------------------
[INFO] BUILD SUCCESS
[INFO] ------------------------------------------------------------------------
[INFO] Total time:  16.385 s
[INFO] Finished at: 2019-09-13T09:48:59Z
[INFO] ------------------------------------------------------------------------

Showing logs for build [32mcb-kubecd-bdd-spring-1568367642-nxhml-1[0m stage [32mfrom-build-pack[0m and container [32mstep-build-mvn-install[0m
Picked up _JAVA_OPTIONS: -XX:+UnlockExperimentalVMOptions -XX:+UseCGroupMemoryLimitForHeap -Dsun.zip.disableMemoryMapping=true -XX:+UseParallelGC -XX:MinHeapFreeRatio=5 -XX:MaxHeapFreeRatio=10 -XX:GCTimeRatio=4 -XX:AdaptiveSizePolicyWeight=90 -Xms10m -Xmx192m
OpenJDK 64-Bit Server VM warning: If the number of processors is expected to increase from one, then you should configure the number of parallel GC threads appropriately using -XX:ParallelGCThreads=N
[INFO] Scanning for projects...
[INFO] 
[INFO] -----------------< com.example:bdd-spring-1568367642 >------------------
[INFO] Building demo 0.0.0-SNAPSHOT-PR-1-1
[INFO] --------------------------------[ jar ]---------------------------------
[INFO] 
[INFO] --- maven-resources-plugin:3.1.0:resources (default-resources) @ bdd-spring-1568367642 ---
[INFO] Using 'UTF-8' encoding to copy filtered resources.
[INFO] Copying 1 resource
[INFO] Copying 0 resource
[INFO] 
[INFO] --- maven-compiler-plugin:3.8.1:compile (default-compile) @ bdd-spring-1568367642 ---
[INFO] Changes detected - recompiling the module!
[INFO] Compiling 1 source file to /workspace/source/target/classes
[INFO] 
[INFO] --- maven-resources-plugin:3.1.0:testResources (default-testResources) @ bdd-spring-1568367642 ---
[INFO] Using 'UTF-8' encoding to copy filtered resources.
[INFO] skip non existing resourceDirectory /workspace/source/src/test/resources
[INFO] 
[INFO] --- maven-compiler-plugin:3.8.1:testCompile (default-testCompile) @ bdd-spring-1568367642 ---
[INFO] Changes detected - recompiling the module!
[INFO] Compiling 1 source file to /workspace/source/target/test-classes
[INFO] 
[INFO] --- maven-surefire-plugin:3.0.0-M1:test (default-test) @ bdd-spring-1568367642 ---
[INFO] 
[INFO] -------------------------------------------------------
[INFO]  T E S T S
[INFO] -------------------------------------------------------
[INFO] Running com.example.bddspring1568367642.DemoApplicationTests
09:49:19.673 [main] DEBUG org.springframework.test.context.junit4.SpringJUnit4ClassRunner - SpringJUnit4ClassRunner constructor called with [class com.example.bddspring1568367642.DemoApplicationTests]
09:49:19.686 [main] DEBUG org.springframework.test.context.BootstrapUtils - Instantiating CacheAwareContextLoaderDelegate from class [org.springframework.test.context.cache.DefaultCacheAwareContextLoaderDelegate]
09:49:19.751 [main] DEBUG org.springframework.test.context.BootstrapUtils - Instantiating BootstrapContext using constructor [public org.springframework.test.context.support.DefaultBootstrapContext(java.lang.Class,org.springframework.test.context.CacheAwareContextLoaderDelegate)]
09:49:19.822 [main] DEBUG org.springframework.test.context.BootstrapUtils - Instantiating TestContextBootstrapper for test class [com.example.bddspring1568367642.DemoApplicationTests] from class [org.springframework.boot.test.context.SpringBootTestContextBootstrapper]
09:49:19.845 [main] INFO org.springframework.boot.test.context.SpringBootTestContextBootstrapper - Neither @ContextConfiguration nor @ContextHierarchy found for test class [com.example.bddspring1568367642.DemoApplicationTests], using SpringBootContextLoader
09:49:19.895 [main] DEBUG org.springframework.test.context.support.AbstractContextLoader - Did not detect default resource location for test class [com.example.bddspring1568367642.DemoApplicationTests]: class path resource [com/example/bddspring1568367642/DemoApplicationTests-context.xml] does not exist
09:49:19.895 [main] DEBUG org.springframework.test.context.support.AbstractContextLoader - Did not detect default resource location for test class [com.example.bddspring1568367642.DemoApplicationTests]: class path resource [com/example/bddspring1568367642/DemoApplicationTestsContext.groovy] does not exist
09:49:19.895 [main] INFO org.springframework.test.context.support.AbstractContextLoader - Could not detect default resource locations for test class [com.example.bddspring1568367642.DemoApplicationTests]: no resource found for suffixes {-context.xml, Context.groovy}.
09:49:19.897 [main] INFO org.springframework.test.context.support.AnnotationConfigContextLoaderUtils - Could not detect default configuration classes for test class [com.example.bddspring1568367642.DemoApplicationTests]: DemoApplicationTests does not declare any static, non-private, non-final, nested classes annotated with @Configuration.
09:49:20.032 [main] DEBUG org.springframework.test.context.support.ActiveProfilesUtils - Could not find an 'annotation declaring class' for annotation type [org.springframework.test.context.ActiveProfiles] and class [com.example.bddspring1568367642.DemoApplicationTests]
09:49:20.240 [main] DEBUG org.springframework.context.annotation.ClassPathScanningCandidateComponentProvider - Identified candidate component class: file [/workspace/source/target/classes/com/example/bddspring1568367642/DemoApplication.class]
09:49:20.248 [main] INFO org.springframework.boot.test.context.SpringBootTestContextBootstrapper - Found @SpringBootConfiguration com.example.bddspring1568367642.DemoApplication for test class com.example.bddspring1568367642.DemoApplicationTests
09:49:20.519 [main] DEBUG org.springframework.boot.test.context.SpringBootTestContextBootstrapper - @TestExecutionListeners is not present for class [com.example.bddspring1568367642.DemoApplicationTests]: using defaults.
09:49:20.520 [main] INFO org.springframework.boot.test.context.SpringBootTestContextBootstrapper - Loaded default TestExecutionListener class names from location [META-INF/spring.factories]: [org.springframework.boot.test.mock.mockito.MockitoTestExecutionListener, org.springframework.boot.test.mock.mockito.ResetMocksTestExecutionListener, org.springframework.boot.test.autoconfigure.restdocs.RestDocsTestExecutionListener, org.springframework.boot.test.autoconfigure.web.client.MockRestServiceServerResetTestExecutionListener, org.springframework.boot.test.autoconfigure.web.servlet.MockMvcPrintOnlyOnFailureTestExecutionListener, org.springframework.boot.test.autoconfigure.web.servlet.WebDriverTestExecutionListener, org.springframework.test.context.web.ServletTestExecutionListener, org.springframework.test.context.support.DirtiesContextBeforeModesTestExecutionListener, org.springframework.test.context.support.DependencyInjectionTestExecutionListener, org.springframework.test.context.support.DirtiesContextTestExecutionListener, org.springframework.test.context.transaction.TransactionalTestExecutionListener, org.springframework.test.context.jdbc.SqlScriptsTestExecutionListener]
09:49:20.553 [main] DEBUG org.springframework.boot.test.context.SpringBootTestContextBootstrapper - Skipping candidate TestExecutionListener [org.springframework.test.context.transaction.TransactionalTestExecutionListener] due to a missing dependency. Specify custom listener classes or make the default listener classes and their required dependencies available. Offending class: [org/springframework/transaction/TransactionDefinition]
09:49:20.554 [main] DEBUG org.springframework.boot.test.context.SpringBootTestContextBootstrapper - Skipping candidate TestExecutionListener [org.springframework.test.context.jdbc.SqlScriptsTestExecutionListener] due to a missing dependency. Specify custom listener classes or make the default listener classes and their required dependencies available. Offending class: [org/springframework/transaction/interceptor/TransactionAttribute]
09:49:20.554 [main] INFO org.springframework.boot.test.context.SpringBootTestContextBootstrapper - Using TestExecutionListeners: [org.springframework.test.context.web.ServletTestExecutionListener@1725dc0f, org.springframework.test.context.support.DirtiesContextBeforeModesTestExecutionListener@3911c2a7, org.springframework.boot.test.mock.mockito.MockitoTestExecutionListener@4ac3c60d, org.springframework.boot.test.autoconfigure.SpringBootDependencyInjectionTestExecutionListener@4facf68f, org.springframework.test.context.support.DirtiesContextTestExecutionListener@76508ed1, org.springframework.boot.test.mock.mockito.ResetMocksTestExecutionListener@41e36e46, org.springframework.boot.test.autoconfigure.restdocs.RestDocsTestExecutionListener@15c43bd9, org.springframework.boot.test.autoconfigure.web.client.MockRestServiceServerResetTestExecutionListener@3d74bf60, org.springframework.boot.test.autoconfigure.web.servlet.MockMvcPrintOnlyOnFailureTestExecutionListener@4f209819, org.springframework.boot.test.autoconfigure.web.servlet.WebDriverTestExecutionListener@15eb5ee5]
09:49:20.556 [main] DEBUG org.springframework.test.annotation.ProfileValueUtils - Retrieved @ProfileValueSourceConfiguration [null] for test class [com.example.bddspring1568367642.DemoApplicationTests]
09:49:20.557 [main] DEBUG org.springframework.test.annotation.ProfileValueUtils - Retrieved ProfileValueSource type [class org.springframework.test.annotation.SystemProfileValueSource] for class [com.example.bddspring1568367642.DemoApplicationTests]
09:49:20.559 [main] DEBUG org.springframework.test.annotation.ProfileValueUtils - Retrieved @ProfileValueSourceConfiguration [null] for test class [com.example.bddspring1568367642.DemoApplicationTests]
09:49:20.559 [main] DEBUG org.springframework.test.annotation.ProfileValueUtils - Retrieved ProfileValueSource type [class org.springframework.test.annotation.SystemProfileValueSource] for class [com.example.bddspring1568367642.DemoApplicationTests]
09:49:20.560 [main] DEBUG org.springframework.test.annotation.ProfileValueUtils - Retrieved @ProfileValueSourceConfiguration [null] for test class [com.example.bddspring1568367642.DemoApplicationTests]
09:49:20.560 [main] DEBUG org.springframework.test.annotation.ProfileValueUtils - Retrieved ProfileValueSource type [class org.springframework.test.annotation.SystemProfileValueSource] for class [com.example.bddspring1568367642.DemoApplicationTests]
09:49:20.567 [main] DEBUG org.springframework.test.context.support.AbstractDirtiesContextTestExecutionListener - Before test class: context [DefaultTestContext@1dde4cb2 testClass = DemoApplicationTests, testInstance = [null], testMethod = [null], testException = [null], mergedContextConfiguration = [WebMergedContextConfiguration@7714e963 testClass = DemoApplicationTests, locations = '{}', classes = '{class com.example.bddspring1568367642.DemoApplication}', contextInitializerClasses = '[]', activeProfiles = '{}', propertySourceLocations = '{}', propertySourceProperties = '{org.springframework.boot.test.context.SpringBootTestContextBootstrapper=true}', contextCustomizers = set[org.springframework.boot.test.context.filter.ExcludeFilterContextCustomizer@64729b1e, org.springframework.boot.test.json.DuplicateJsonObjectContextCustomizerFactory$DuplicateJsonObjectContextCustomizer@6895a785, org.springframework.boot.test.mock.mockito.MockitoContextCustomizer@0, org.springframework.boot.test.web.client.TestRestTemplateContextCustomizer@76f2b07d, org.springframework.boot.test.autoconfigure.properties.PropertyMappingContextCustomizer@0, org.springframework.boot.test.autoconfigure.web.servlet.WebDriverContextCustomizerFactory$Customizer@2f943d71], resourceBasePath = 'src/main/webapp', contextLoader = 'org.springframework.boot.test.context.SpringBootContextLoader', parent = [null]], attributes = map['org.springframework.test.context.web.ServletTestExecutionListener.activateListener' -> true]], class annotated with @DirtiesContext [false] with mode [null].
09:49:20.568 [main] DEBUG org.springframework.test.annotation.ProfileValueUtils - Retrieved @ProfileValueSourceConfiguration [null] for test class [com.example.bddspring1568367642.DemoApplicationTests]
09:49:20.568 [main] DEBUG org.springframework.test.annotation.ProfileValueUtils - Retrieved ProfileValueSource type [class org.springframework.test.annotation.SystemProfileValueSource] for class [com.example.bddspring1568367642.DemoApplicationTests]
09:49:20.657 [main] DEBUG org.springframework.test.context.support.TestPropertySourceUtils - Adding inlined properties to environment: {spring.jmx.enabled=false, org.springframework.boot.test.context.SpringBootTestContextBootstrapper=true, server.port=-1}

  .   ____          _            __ _ _
 /\\ / ___'_ __ _ _(_)_ __  __ _ \ \ \ \
( ( )\___ | '_ | '_| | '_ \/ _` | \ \ \ \
 \\/  ___)| |_)| | | | | || (_| |  ) ) ) )
  '  |____| .__|_| |_|_| |_\__, | / / / /
 =========|_|==============|___/=/_/_/_/
 :: Spring Boot ::        (v2.1.8.RELEASE)

2019-09-13 09:49:21.411  INFO 63 --- [           main] c.e.b.DemoApplicationTests               : Starting DemoApplicationTests on cb-kubecd-bdd-spring-1568367642-nxhml-1-from-build-pack-xbptz-p with PID 63 (started by root in /workspace/source)
2019-09-13 09:49:21.416  INFO 63 --- [           main] c.e.b.DemoApplicationTests               : No active profile set, falling back to default profiles: default
2019-09-13 09:49:26.956  INFO 63 --- [           main] o.s.s.concurrent.ThreadPoolTaskExecutor  : Initializing ExecutorService 'applicationTaskExecutor'
2019-09-13 09:49:28.824  INFO 63 --- [           main] o.s.b.a.e.web.EndpointLinksResolver      : Exposing 2 endpoint(s) beneath base path '/actuator'
2019-09-13 09:49:28.951  INFO 63 --- [           main] c.e.b.DemoApplicationTests               : Started DemoApplicationTests in 8.254 seconds (JVM running for 10.182)
[INFO] Tests run: 1, Failures: 0, Errors: 0, Skipped: 0, Time elapsed: 9.912 s - in com.example.bddspring1568367642.DemoApplicationTests
2019-09-13 09:49:29.371  INFO 63 --- [       Thread-2] o.s.s.concurrent.ThreadPoolTaskExecutor  : Shutting down ExecutorService 'applicationTaskExecutor'
[INFO] 
[INFO] Results:
[INFO] 
[INFO] Tests run: 1, Failures: 0, Errors: 0, Skipped: 0
[INFO] 
[INFO] 
[INFO] --- maven-jar-plugin:3.1.2:jar (default-jar) @ bdd-spring-1568367642 ---
[INFO] Building jar: /workspace/source/target/bdd-spring-1568367642-0.0.0-SNAPSHOT-PR-1-1.jar
[INFO] 
[INFO] --- spring-boot-maven-plugin:2.1.8.RELEASE:repackage (repackage) @ bdd-spring-1568367642 ---
[INFO] Replacing main artifact with repackaged archive
[INFO] 
[INFO] --- maven-install-plugin:2.5.2:install (default-install) @ bdd-spring-1568367642 ---
[INFO] Installing /workspace/source/target/bdd-spring-1568367642-0.0.0-SNAPSHOT-PR-1-1.jar to /root/.mvnrepository/com/example/bdd-spring-1568367642/0.0.0-SNAPSHOT-PR-1-1/bdd-spring-1568367642-0.0.0-SNAPSHOT-PR-1-1.jar
[INFO] Installing /workspace/source/pom.xml to /root/.mvnrepository/com/example/bdd-spring-1568367642/0.0.0-SNAPSHOT-PR-1-1/bdd-spring-1568367642-0.0.0-SNAPSHOT-PR-1-1.pom
[INFO] ------------------------------------------------------------------------
[INFO] BUILD SUCCESS
[INFO] ------------------------------------------------------------------------
[INFO] Total time:  33.000 s
[INFO] Finished at: 2019-09-13T09:49:34Z
[INFO] ------------------------------------------------------------------------

Showing logs for build [32mcb-kubecd-bdd-spring-1568367642-nxhml-1[0m stage [32mfrom-build-pack[0m and container [32mstep-build-skaffold-version[0m
v0.37.0

Showing logs for build [32mcb-kubecd-bdd-spring-1568367642-nxhml-1[0m stage [32mfrom-build-pack[0m and container [32mstep-build-container-build[0m
[36mINFO[0m[0000] Downloading base image openjdk:8-jdk-slim    
ERROR: logging before flag.Parse: E0913 09:49:39.317183       9 metadata.go:142] while reading 'google-dockercfg' metadata: http status code: 404 while fetching url http://metadata.google.internal./computeMetadata/v1/instance/attributes/google-dockercfg
ERROR: logging before flag.Parse: E0913 09:49:39.321814       9 metadata.go:159] while reading 'google-dockercfg-url' metadata: http status code: 404 while fetching url http://metadata.google.internal./computeMetadata/v1/instance/attributes/google-dockercfg-url
2019/09/13 09:49:39 No matching credentials were found, falling back on anonymous
[36mINFO[0m[0002] Error while retrieving image from cache: getting file info: stat /workspace/sha256:408aa8da1cd7ceefb963fde518004c7db807dea67870db6d9f2f8ca0a337e979: no such file or directory 
[36mINFO[0m[0002] Downloading base image openjdk:8-jdk-slim    
2019/09/13 09:49:40 No matching credentials were found, falling back on anonymous
[36mINFO[0m[0002] cmd: EXPOSE                                  
[36mINFO[0m[0002] Adding exposed port: 8080/tcp                
[36mINFO[0m[0002] Using files from context: [/workspace/source/pom.xml] 
[36mINFO[0m[0002] Using files from context: [/workspace/source/target/bdd-spring-1568367642-0.0.0-SNAPSHOT-PR-1-1.jar] 
[36mINFO[0m[0002] Skipping unpacking as no commands require it. 
[36mINFO[0m[0002] Taking snapshot of full filesystem...        
[36mINFO[0m[0002] ENV PORT 8080                                
[36mINFO[0m[0002] No files changed in this command, skipping snapshotting. 
[36mINFO[0m[0002] ENV CLASSPATH /opt/lib                       
[36mINFO[0m[0002] No files changed in this command, skipping snapshotting. 
[36mINFO[0m[0002] EXPOSE 8080                                  
[36mINFO[0m[0002] cmd: EXPOSE                                  
[36mINFO[0m[0002] Adding exposed port: 8080/tcp                
[36mINFO[0m[0002] No files changed in this command, skipping snapshotting. 
[36mINFO[0m[0002] Using files from context: [/workspace/source/pom.xml] 
[36mINFO[0m[0002] COPY pom.xml target/lib* /opt/lib/           
[36mINFO[0m[0002] Taking snapshot of files...                  
[36mINFO[0m[0002] Using files from context: [/workspace/source/target/bdd-spring-1568367642-0.0.0-SNAPSHOT-PR-1-1.jar] 
[36mINFO[0m[0003] COPY target/*.jar /opt/app.jar               
[36mINFO[0m[0003] Taking snapshot of files...                  
[36mINFO[0m[0003] WORKDIR /opt                                 
[36mINFO[0m[0003] cmd: workdir                                 
[36mINFO[0m[0003] Changed working directory to /opt            
[36mINFO[0m[0003] No files changed in this command, skipping snapshotting. 
[36mINFO[0m[0003] CMD ["java", "-XX:+UnlockExperimentalVMOptions", "-XX:+UseCGroupMemoryLimitForHeap", "-jar", "app.jar"] 
[36mINFO[0m[0003] No files changed in this command, skipping snapshotting. 
2019/09/13 09:49:42 existing blob: sha256:7aaf9a088d61d78b50cd2a58984cc89ed9c0c5c66124fd74b4baa0cba32524c1
2019/09/13 09:49:42 existing blob: sha256:1ab2bdfe97783562315f98f94c0769b1897a05f7b0395ca1520ebee08666703b
2019/09/13 09:49:42 existing blob: sha256:9110ea0d47ee3b75e48971381c280070f0d76603288b1da30af905152b7d8250
2019/09/13 09:49:42 existing blob: sha256:80a55c9c9fe89b163322e46d017f346fab100604a4a0a63a1a790b89c1c2105f
2019/09/13 09:49:45 pushed blob: sha256:fd7079f6f2ad72687fe6f4b698a68e80e0486e3dac0d1aeef1d761befcc542a5
2019/09/13 09:49:46 pushed blob: sha256:378dda1b310148123d22cc1f0cc608153cb169c35c4fbaaa44d525d64985eb2d
2019/09/13 09:49:47 pushed blob: sha256:de41049d7bc510877633e6beca41bed7f47b757c41fe5fdf8060e2c9c7976e29
2019/09/13 09:49:49 gcr.io/jenkins-x-bdd3/bdd-spring-1568367642:0.0.0-SNAPSHOT-PR-1-1: digest: sha256:77695902dd11365d917253c16bb2d25ffc061bbdfa3b13fd0b6d7c63fb686bb0 size: 1244

Showing logs for build [32mcb-kubecd-bdd-spring-1568367642-nxhml-1[0m stage [32mfrom-build-pack[0m and container [32mstep-postbuild-post-build[0m
no CVE provider running in the current ** namespace so skip adding image to be analysed

Showing logs for build [32mcb-kubecd-bdd-spring-1568367642-nxhml-1[0m stage [32mfrom-build-pack[0m and container [32mstep-promote-make-preview[0m
sed -i -e "s/version:.*/version: 0.0.0-SNAPSHOT-PR-1-1/" Chart.yaml
sed -i -e "s/version:.*/version: 0.0.0-SNAPSHOT-PR-1-1/" ../*/Chart.yaml
sed -i -e "s|repository:.*|repository: gcr.io\/jenkins-x-bdd3\/bdd-spring-1568367642|" values.yaml
sed -i -e "s/tag:.*/tag: 0.0.0-SNAPSHOT-PR-1-1/" values.yaml
echo "  version: 0.0.0-SNAPSHOT-PR-1-1" >> requirements.yaml
** step helm build
WARNING: No $CHART_REPOSITORY defined so using the default value of: http://jenkins-x-chartmuseum:8080
Adding missing Helm repo: storage.googleapis.com https://storage.googleapis.com/chartmuseum.jenkins-x.io
Successfully added Helm repository storage.googleapis.com.
Adding missing Helm repo: jenkins-x-chartmuseum http://jenkins-x-chartmuseum:8080
Successfully added Helm repository jenkins-x-chartmuseum.
WARNING: No $CHART_REPOSITORY defined so using the default value of: http://jenkins-x-chartmuseum:8080
Adding missing Helm repo: chartmuseum.jenkins-x.io http://chartmuseum.jenkins-x.io
Successfully added Helm repository chartmuseum.jenkins-x.io.

Showing logs for build [32mcb-kubecd-bdd-spring-1568367642-nxhml-1[0m stage [32mfrom-build-pack[0m and container [32mstep-promote-jx-preview[0m
Creating a preview
WARNING: No author for commit: 51b4700d52d32714e0cab524f53b63aba6270267
Created environment cb-kubecd-bdd-spring-1568367642-pr-1
Namespace **-cb-kubecd-bdd-spring-1568367642-pr-1 created 
expose:
  Annotations:
    helm.sh/hook: post-install,post-upgrade
    helm.sh/hook-delete-policy: hook-succeeded
  config:
    domain: 35.189.252.220.nip.io
    exposer: Ingress
    http: "true"
preview:
  image:
    repository: gcr.io/jenkins-x-bdd3/bdd-spring-1568367642
    tag: 0.0.0-SNAPSHOT-PR-1-1
Deleting and cloning the Jenkins X versions repo
Cloning the Jenkins X versions repo https://github.com/jenkins-x/jenkins-x-versions.git with ref refs/heads/master to /builder/home/.**/jenkins-x-versions


Updating PipelineActivities cb-kubecd-bdd-spring-1568367642-pr-1-1 which has status Running
WARNING: preview application http://bdd-spring-1568367642.**-cb-kubecd-bdd-spring-1568367642-pr-1.35.189.252.220.nip.io not available, error was 503 503 Service Temporarily Unavailable, delaying for: 1.252573036s
WARNING: preview application http://bdd-spring-1568367642.**-cb-kubecd-bdd-spring-1568367642-pr-1.35.189.252.220.nip.io not available, error was 503 503 Service Temporarily Unavailable, delaying for: 1.795078749s
WARNING: preview application http://bdd-spring-1568367642.**-cb-kubecd-bdd-spring-1568367642-pr-1.35.189.252.220.nip.io not available, error was 503 503 Service Temporarily Unavailable, delaying for: 1.481238625s
WARNING: preview application http://bdd-spring-1568367642.**-cb-kubecd-bdd-spring-1568367642-pr-1.35.189.252.220.nip.io not available, error was 503 503 Service Temporarily Unavailable, delaying for: 1.955655978s
WARNING: preview application http://bdd-spring-1568367642.**-cb-kubecd-bdd-spring-1568367642-pr-1.35.189.252.220.nip.io not available, error was 503 503 Service Temporarily Unavailable, delaying for: 6.034624474s
WARNING: preview application http://bdd-spring-1568367642.**-cb-kubecd-bdd-spring-1568367642-pr-1.35.189.252.220.nip.io not available, error was 503 503 Service Temporarily Unavailable, delaying for: 7.905852024s
WARNING: preview application http://bdd-spring-1568367642.**-cb-kubecd-bdd-spring-1568367642-pr-1.35.189.252.220.nip.io not available, error was 503 503 Service Temporarily Unavailable, delaying for: 10.515280546s
WARNING: preview application http://bdd-spring-1568367642.**-cb-kubecd-bdd-spring-1568367642-pr-1.35.189.252.220.nip.io not available, error was 503 503 Service Temporarily Unavailable, delaying for: 13.362587s
WARNING: preview application http://bdd-spring-1568367642.**-cb-kubecd-bdd-spring-1568367642-pr-1.35.189.252.220.nip.io not available, error was 503 503 Service Temporarily Unavailable, delaying for: 35.381810267s
Preview application is now available at: http://bdd-spring-1568367642.**-cb-kubecd-bdd-spring-1568367642-pr-1.35.189.252.220.nip.io
